<?xml version="1.0" encoding="UTF-8"?>
<!-- Generated by org.testng.reporters.JUnitReportReporter -->
<testsuite hostname="DESKTOP-OLQP3VH" failures="0" tests="1" name="com.pom.prac.tests.FrameTest" time="9.811" errors="0" timestamp="29 Oct 2020 07:19:28 GMT" skipped="0">
  <testcase classname="com.pom.prac.tests.FrameTest" name="testThatDragAndDropIsWorking" time="9.811"/>
</testsuite> <!-- com.pom.prac.tests.FrameTest -->
