<?xml version="1.0" encoding="UTF-8"?>
<!-- Generated by org.testng.reporters.JUnitReportReporter -->
<testsuite hostname="DESKTOP-OLQP3VH" failures="0" tests="1" name="com.pom.prac.tests.EnableAndDisableTest" time="9.227" errors="0" timestamp="08 Oct 2020 09:54:30 GMT" skipped="0">
  <testcase classname="com.pom.prac.tests.EnableAndDisableTest" name="testThatReturnDateIsEnabledAtTheBeginning" time="9.227"/>
</testsuite> <!-- com.pom.prac.tests.EnableAndDisableTest -->
