<?xml version="1.0" encoding="UTF-8"?>
<!-- Generated by org.testng.reporters.JUnitReportReporter -->
<testsuite hostname="DESKTOP-OLQP3VH" failures="0" tests="1" name="com.pom.prac.tests.WindowAlertTest" time="12.782" errors="0" timestamp="12 Oct 2020 13:25:19 GMT" skipped="0">
  <testcase classname="com.pom.prac.tests.WindowAlertTest" name="testTheAcceptingAlertWindow" time="12.782"/>
</testsuite> <!-- com.pom.prac.tests.WindowAlertTest -->
