<?xml version="1.0" encoding="UTF-8"?>
<!-- Generated by org.testng.reporters.JUnitReportReporter -->
<testsuite hostname="DESKTOP-OLQP3VH" failures="0" tests="2" name="com.pom.prac.tests.ShoppingCartProductsTest" time="15.205" errors="0" timestamp="15 Oct 2020 11:08:08 GMT" skipped="0">
  <testcase classname="com.pom.prac.tests.ShoppingCartProductsTest" name="testThatSelectingSingleProducts" time="6.799"/>
  <testcase classname="com.pom.prac.tests.ShoppingCartProductsTest" name="testThatSelectingMultipleProducts" time="8.406"/>
</testsuite> <!-- com.pom.prac.tests.ShoppingCartProductsTest -->
