<?xml version="1.0" encoding="UTF-8"?>
<!-- Generated by org.testng.reporters.JUnitReportReporter -->
<testsuite hostname="DESKTOP-OLQP3VH" failures="0" tests="1" name="com.pom.prac.tests.ActionsTest" time="14.365" errors="0" timestamp="29 Oct 2020 07:11:41 GMT" skipped="0">
  <testcase classname="com.pom.prac.tests.ActionsTest" name="verifyMouseHover" time="14.365"/>
</testsuite> <!-- com.pom.prac.tests.ActionsTest -->
