<?xml version="1.0" encoding="UTF-8"?>
<!-- Generated by org.testng.reporters.JUnitReportReporter -->
<testsuite hostname="DESKTOP-OLQP3VH" failures="0" tests="1" name="com.pom.prac.tests.ActionsTest" time="11.023" errors="0" timestamp="26 Oct 2020 14:05:11 GMT" skipped="0">
  <testcase classname="com.pom.prac.tests.ActionsTest" name="verifyCapitalLettersAsInputInSearchBar" time="11.023"/>
</testsuite> <!-- com.pom.prac.tests.ActionsTest -->
