<?xml version="1.0" encoding="UTF-8"?>
<!-- Generated by org.testng.reporters.JUnitReportReporter -->
<testsuite hostname="DESKTOP-OLQP3VH" failures="0" tests="2" name="com.pom.prac.tests.ShoppingCartProductsTest" time="18.590" errors="0" timestamp="15 Oct 2020 07:21:28 GMT" skipped="0">
  <testcase classname="com.pom.prac.tests.ShoppingCartProductsTest" name="verifyThatSelectingSingleProducts" time="9.580"/>
  <testcase classname="com.pom.prac.tests.ShoppingCartProductsTest" name="verifyThatSelectingMultipleProducts" time="9.010"/>
</testsuite> <!-- com.pom.prac.tests.ShoppingCartProductsTest -->
