<?xml version="1.0" encoding="UTF-8"?>
<!-- Generated by org.testng.reporters.JUnitReportReporter -->
<testsuite hostname="DESKTOP-OLQP3VH" failures="0" tests="1" name="com.pom.prac.tests.DropDownTest" time="13.159" errors="0" timestamp="22 Oct 2020 11:27:04 GMT" skipped="0">
  <testcase classname="com.pom.prac.tests.DropDownTest" name="verifyThatTheALandingPageIsNavigatingCorrectly" time="13.159"/>
</testsuite> <!-- com.pom.prac.tests.DropDownTest -->
