<?xml version="1.0" encoding="UTF-8"?>
<!-- Generated by org.testng.reporters.JUnitReportReporter -->
<testsuite hostname="DESKTOP-OLQP3VH" failures="0" tests="1" name="com.pom.prac.tests.LinkCountTest" time="59.227" errors="0" timestamp="30 Oct 2020 07:09:40 GMT" skipped="0">
  <testcase classname="com.pom.prac.tests.LinkCountTest" name="testAllLinksCountOfSubSetWithNewTabs" time="59.227"/>
</testsuite> <!-- com.pom.prac.tests.LinkCountTest -->
