<?xml version="1.0" encoding="UTF-8"?>
<!-- Generated by org.testng.reporters.JUnitReportReporter -->
<testsuite hostname="DESKTOP-OLQP3VH" failures="0" tests="1" name="com.pom.prac.tests.HandlingMultipleWindowsTest" time="14.193" errors="0" timestamp="27 Oct 2020 13:07:20 GMT" skipped="0">
  <testcase classname="com.pom.prac.tests.HandlingMultipleWindowsTest" name="testHandlingMultipleWindow" time="14.193"/>
</testsuite> <!-- com.pom.prac.tests.HandlingMultipleWindowsTest -->
