<?xml version="1.0" encoding="UTF-8"?>
<!-- Generated by org.testng.reporters.JUnitReportReporter -->
<testsuite hostname="DESKTOP-OLQP3VH" failures="0" tests="1" name="com.pom.prac.tests.WindowAlertTest" time="7.359" errors="0" timestamp="11 Oct 2020 10:10:30 GMT" skipped="0">
  <testcase classname="com.pom.prac.tests.WindowAlertTest" name="verifyTheAcceptingAlertWindow" time="7.359"/>
</testsuite> <!-- com.pom.prac.tests.WindowAlertTest -->
