<?xml version="1.0" encoding="UTF-8"?>
<!-- Generated by org.testng.reporters.JUnitReportReporter -->
<testsuite hostname="DESKTOP-OLQP3VH" failures="0" tests="2" name="com.pom.prac.tests.ShoppingCartProductsTest" time="26.972" errors="0" timestamp="15 Oct 2020 10:44:18 GMT" skipped="0">
  <testcase classname="com.pom.prac.tests.ShoppingCartProductsTest" name="verifyThatSelectingSingleProducts" time="11.505"/>
  <testcase classname="com.pom.prac.tests.ShoppingCartProductsTest" name="verifyThatSelectingMultipleProducts" time="15.467"/>
</testsuite> <!-- com.pom.prac.tests.ShoppingCartProductsTest -->
